<?xml version="1.0" encoding="UTF-8"?>
<testsuite name="com.restaurante.remy.dataprovider.MesaDataProviderTest" tests="5" skipped="0" failures="0" errors="0" timestamp="2023-05-18T12:56:26" hostname="PVID9790Q13" time="0.999">
  <properties/>
  <testcase name="actualizarMesa" classname="com.restaurante.remy.dataprovider.MesaDataProviderTest" time="0.987"/>
  <testcase name="buscarMesa" classname="com.restaurante.remy.dataprovider.MesaDataProviderTest" time="0.006"/>
  <testcase name="eliminarMesa" classname="com.restaurante.remy.dataprovider.MesaDataProviderTest" time="0.001"/>
  <testcase name="buscarTodas" classname="com.restaurante.remy.dataprovider.MesaDataProviderTest" time="0.001"/>
  <testcase name="insertarMesa" classname="com.restaurante.remy.dataprovider.MesaDataProviderTest" time="0.002"/>
  <system-out><![CDATA[]]></system-out>
  <system-err><![CDATA[]]></system-err>
</testsuite>
